<?xml version="1.0" encoding="UTF-8"?>
<!-- Generated by org.testng.reporters.JUnitXMLReporter -->
<testsuite hostname="Hitendra-PC" ignored="0" name="Test" tests="2" failures="1" timestamp="15 Jun 2020 12:56:28 GMT" time="5.268" errors="0">
  <testcase name="@BeforeMethod setup" time="5.215" classname="com.basePackage.BaseClass">
    <failure type="java.lang.NullPointerException" message="null value in entry: url=null">
      <![CDATA[java.lang.NullPointerException: null value in entry: url=null
at com.google.common.collect.CollectPreconditions.checkEntryNotNull(CollectPreconditions.java:32)
at com.google.common.collect.SingletonImmutableBiMap.<init>(SingletonImmutableBiMap.java:42)
at com.google.common.collect.ImmutableBiMap.of(ImmutableBiMap.java:72)
at com.google.common.collect.ImmutableMap.of(ImmutableMap.java:124)
at org.openqa.selenium.remote.RemoteWebDriver.get(RemoteWebDriver.java:277)
at com.basePackage.BaseClass.setup(BaseClass.java:55)
... Removed 28 stack frames]]>
    </failure>
  </testcase> <!-- @BeforeMethod setup -->
  <testcase name="loginPageTest" time="0.0" classname="com.test.OrangeHRMTest">
    <skipped/>
  </testcase> <!-- loginPageTest -->
  <testcase name="loginPageTest" time="5.249" classname="com.test.OrangeHRMTest">
    <failure type="java.lang.NullPointerException">
      <![CDATA[java.lang.NullPointerException
at com.listener.ListenerClass.onTestSkipped(ListenerClass.java:44)
... Removed 23 stack frames]]>
    </failure>
  </testcase> <!-- loginPageTest -->
</testsuite> <!-- Test -->
