<?xml version="1.0" encoding="UTF-8"?>
<!-- Generated by org.testng.reporters.JUnitXMLReporter -->
<testsuite hostname="Hitendra-PC" ignored="0" name="Test" tests="3" failures="1" timestamp="21 Jun 2020 14:08:04 GMT" time="48.422" errors="0">
  <testcase name="loginPageTest" time="2.225" classname="com.test.OrangeHRMTest"/>
  <testcase name="loginTest" time="18.122" classname="com.test.OrangeHRMTest">
    <failure type="java.lang.AssertionError" message="expected [OrangeHRM] but found [opensource-demo.orangehrmlive.com]">
      <![CDATA[java.lang.AssertionError: expected [OrangeHRM] but found [opensource-demo.orangehrmlive.com]
at com.test.OrangeHRMTest.loginTest(OrangeHRMTest.java:26)
... Removed 31 stack frames]]>
    </failure>
  </testcase> <!-- loginTest -->
  <testcase name="sampleCase" time="0.014" classname="com.test.OrangeHRMTest"/>
</testsuite> <!-- Test -->
