<?xml version="1.0" encoding="UTF-8"?>
<testng-results skipped="0" failed="1" ignored="0" total="3" passed="2">
  <reporter-output>
  </reporter-output>
  <suite name="Suite" duration-ms="32504" started-at="2020-05-12T18:02:59Z" finished-at="2020-05-12T18:03:32Z">
    <groups>
    </groups>
    <test name="Test" duration-ms="32504" started-at="2020-05-12T18:02:59Z" finished-at="2020-05-12T18:03:32Z">
      <class name="com.test.OrangeHRMTest">
        <test-method status="PASS" signature="BeforeSuite()[pri:0, instance:com.test.OrangeHRMTest@4883b407]" name="BeforeSuite" is-config="true" duration-ms="481" started-at="2020-05-12T18:02:59Z" finished-at="2020-05-12T18:02:59Z">
          <reporter-output>
          </reporter-output>
        </test-method> <!-- BeforeSuite -->
        <test-method status="PASS" signature="setup()[pri:0, instance:com.test.OrangeHRMTest@4883b407]" name="setup" is-config="true" duration-ms="9350" started-at="2020-05-12T18:02:59Z" finished-at="2020-05-12T18:03:09Z">
          <reporter-output>
          </reporter-output>
        </test-method> <!-- setup -->
        <test-method status="PASS" signature="loginPageTest()[pri:0, instance:com.test.OrangeHRMTest@4883b407]" name="loginPageTest" duration-ms="164" started-at="2020-05-12T18:03:09Z" finished-at="2020-05-12T18:03:09Z">
          <reporter-output>
          </reporter-output>
        </test-method> <!-- loginPageTest -->
        <test-method status="PASS" signature="tearDown()[pri:0, instance:com.test.OrangeHRMTest@4883b407]" name="tearDown" is-config="true" duration-ms="280" started-at="2020-05-12T18:03:09Z" finished-at="2020-05-12T18:03:09Z">
          <reporter-output>
          </reporter-output>
        </test-method> <!-- tearDown -->
        <test-method status="PASS" signature="setup()[pri:0, instance:com.test.OrangeHRMTest@4883b407]" name="setup" is-config="true" duration-ms="7492" started-at="2020-05-12T18:03:09Z" finished-at="2020-05-12T18:03:17Z">
          <reporter-output>
          </reporter-output>
        </test-method> <!-- setup -->
        <test-method status="FAIL" signature="loginTest()[pri:0, instance:com.test.OrangeHRMTest@4883b407]" name="loginTest" duration-ms="4092" started-at="2020-05-12T18:03:17Z" finished-at="2020-05-12T18:03:21Z">
          <exception class="java.lang.AssertionError">
            <message>
              <![CDATA[expected [OrangeHRM1] but found [OrangeHRM]]]>
            </message>
            <full-stacktrace>
              <![CDATA[java.lang.AssertionError: expected [OrangeHRM1] but found [OrangeHRM]
at org.testng.Assert.fail(Assert.java:96)
at org.testng.Assert.failNotEquals(Assert.java:776)
at org.testng.Assert.assertEqualsImpl(Assert.java:137)
at org.testng.Assert.assertEquals(Assert.java:118)
at org.testng.Assert.assertEquals(Assert.java:453)
at org.testng.Assert.assertEquals(Assert.java:463)
at com.test.OrangeHRMTest.loginTest(OrangeHRMTest.java:26)
at sun.reflect.NativeMethodAccessorImpl.invoke0(Native Method)
at sun.reflect.NativeMethodAccessorImpl.invoke(NativeMethodAccessorImpl.java:62)
at sun.reflect.DelegatingMethodAccessorImpl.invoke(DelegatingMethodAccessorImpl.java:43)
at java.lang.reflect.Method.invoke(Method.java:498)
at org.testng.internal.MethodInvocationHelper.invokeMethod(MethodInvocationHelper.java:124)
at org.testng.internal.Invoker.invokeMethod(Invoker.java:583)
at org.testng.internal.Invoker.invokeTestMethod(Invoker.java:719)
at org.testng.internal.Invoker.invokeTestMethods(Invoker.java:989)
at org.testng.internal.TestMethodWorker.invokeTestMethods(TestMethodWorker.java:125)
at org.testng.internal.TestMethodWorker.run(TestMethodWorker.java:109)
at org.testng.TestRunner.privateRun(TestRunner.java:648)
at org.testng.TestRunner.run(TestRunner.java:505)
at org.testng.SuiteRunner.runTest(SuiteRunner.java:455)
at org.testng.SuiteRunner.runSequentially(SuiteRunner.java:450)
at org.testng.SuiteRunner.privateRun(SuiteRunner.java:415)
at org.testng.SuiteRunner.run(SuiteRunner.java:364)
at org.testng.SuiteRunnerWorker.runSuite(SuiteRunnerWorker.java:52)
at org.testng.SuiteRunnerWorker.run(SuiteRunnerWorker.java:84)
at org.testng.TestNG.runSuitesSequentially(TestNG.java:1208)
at org.testng.TestNG.runSuitesLocally(TestNG.java:1137)
at org.testng.TestNG.runSuites(TestNG.java:1049)
at org.testng.TestNG.run(TestNG.java:1017)
at org.testng.remote.AbstractRemoteTestNG.run(AbstractRemoteTestNG.java:115)
at org.testng.remote.RemoteTestNG.initAndRun(RemoteTestNG.java:251)
at org.testng.remote.RemoteTestNG.main(RemoteTestNG.java:77)
]]>
            </full-stacktrace>
          </exception> <!-- java.lang.AssertionError -->
          <reporter-output>
          </reporter-output>
        </test-method> <!-- loginTest -->
        <test-method status="PASS" signature="tearDown()[pri:0, instance:com.test.OrangeHRMTest@4883b407]" name="tearDown" is-config="true" duration-ms="193" started-at="2020-05-12T18:03:21Z" finished-at="2020-05-12T18:03:22Z">
          <reporter-output>
          </reporter-output>
        </test-method> <!-- tearDown -->
        <test-method status="PASS" signature="setup()[pri:0, instance:com.test.OrangeHRMTest@4883b407]" name="setup" is-config="true" duration-ms="7888" started-at="2020-05-12T18:03:22Z" finished-at="2020-05-12T18:03:29Z">
          <reporter-output>
          </reporter-output>
        </test-method> <!-- setup -->
        <test-method status="PASS" signature="sampleCase()[pri:0, instance:com.test.OrangeHRMTest@4883b407]" name="sampleCase" duration-ms="6" started-at="2020-05-12T18:03:29Z" finished-at="2020-05-12T18:03:29Z">
          <reporter-output>
          </reporter-output>
        </test-method> <!-- sampleCase -->
        <test-method status="PASS" signature="tearDown()[pri:0, instance:com.test.OrangeHRMTest@4883b407]" name="tearDown" is-config="true" duration-ms="2217" started-at="2020-05-12T18:03:29Z" finished-at="2020-05-12T18:03:32Z">
          <reporter-output>
          </reporter-output>
        </test-method> <!-- tearDown -->
        <test-method status="PASS" signature="AfterSuite()[pri:0, instance:com.test.OrangeHRMTest@4883b407]" name="AfterSuite" is-config="true" duration-ms="898" started-at="2020-05-12T18:03:32Z" finished-at="2020-05-12T18:03:33Z">
          <reporter-output>
          </reporter-output>
        </test-method> <!-- AfterSuite -->
      </class> <!-- com.test.OrangeHRMTest -->
    </test> <!-- Test -->
  </suite> <!-- Suite -->
</testng-results>
